0 info it worked if it ends with ok
1 verbose cli [ '/usr/local/bin/node4.2', '/usr/local/bin/npm', 'start' ]
2 info using npm@2.7.4
3 info using node@v4.2.1
4 verbose run-script [ 'prestart', 'start', 'poststart' ]
5 info prestart vue-area-china@1.0.0
6 info start vue-area-china@1.0.0
7 verbose unsafe-perm in lifecycle true
8 info vue-area-china@1.0.0 Failed to exec start script
9 verbose stack Error: vue-area-china@1.0.0 start: `webpack-dev-server --port 9876 --host 0.0.0.0`
9 verbose stack Exit status 1
9 verbose stack     at EventEmitter.<anonymous> (/usr/local/lib/node_modules/npm/lib/utils/lifecycle.js:213:16)
9 verbose stack     at emitTwo (events.js:87:13)
9 verbose stack     at EventEmitter.emit (events.js:172:7)
9 verbose stack     at ChildProcess.<anonymous> (/usr/local/lib/node_modules/npm/lib/utils/spawn.js:14:12)
9 verbose stack     at emitTwo (events.js:87:13)
9 verbose stack     at ChildProcess.emit (events.js:172:7)
9 verbose stack     at maybeClose (internal/child_process.js:818:16)
9 verbose stack     at Process.ChildProcess._handle.onexit (internal/child_process.js:211:5)
10 verbose pkgid vue-area-china@1.0.0
11 verbose cwd /home/zhouwei3-xy/vue-area-china
12 error Linux 2.6.18-164.el5xen
13 error argv "/usr/local/bin/node4.2" "/usr/local/bin/npm" "start"
14 error node v4.2.1
15 error npm  v2.7.4
16 error code ELIFECYCLE
17 error vue-area-china@1.0.0 start: `webpack-dev-server --port 9876 --host 0.0.0.0`
17 error Exit status 1
18 error Failed at the vue-area-china@1.0.0 start script 'webpack-dev-server --port 9876 --host 0.0.0.0'.
18 error This is most likely a problem with the vue-area-china package,
18 error not with npm itself.
18 error Tell the author that this fails on your system:
18 error     webpack-dev-server --port 9876 --host 0.0.0.0
18 error You can get their info via:
18 error     npm owner ls vue-area-china
18 error There is likely additional logging output above.
19 verbose exit [ 1, true ]
